2025-11-17T16:14:18.627039+0300 DEBUG ---РАНЖИРОВАНИЕ ДОКУМЕНТОВ (локально)---
2025-11-17T16:14:18.699844+0300 DEBUG Вопрос: мне в личые сообщения написал известный блогер. говорит, что я выиграл в конкурсе совместный стрим. 
2025-11-17T16:14:18.699844+0300 DEBUG Вопрос: мне в личые сообщения написал известный блогер. говорит, что я выиграл в конкурсе совместный стрим. 
2025-11-17T16:14:18.699844+0300 DEBUG Вопрос: мне в личые сообщения написал известный блогер. говорит, что я выиграл в конкурсе совместный стрим. 
2025-11-17T16:14:18.699844+0300 DEBUG Вопрос: мне в личые сообщения написал известный блогер. говорит, что я выиграл в конкурсе совместный стрим. 
2025-11-17T16:14:18.699844+0300 DEBUG Вопрос: мне в личые сообщения написал известный блогер. говорит, что я выиграл в конкурсе совместный стрим. 
2025-11-17T16:14:19.472776+0300 DEBUG Результаты реранкинга:
2025-11-17T16:14:19.472776+0300 DEBUG Результаты реранкинга:
2025-11-17T16:14:19.472776+0300 DEBUG Результаты реранкинга:
2025-11-17T16:14:19.472776+0300 DEBUG Результаты реранкинга:
2025-11-17T16:14:19.472776+0300 DEBUG Результаты реранкинга:
2025-11-17T16:14:19.474770+0300 DEBUG Rank 1 | Score: 5.7648 | Text snippet: Как обманывают мошенники в онлайн-играх? Онлайн-гейминг привлекает миллионы игроков по всему миру, с
2025-11-17T16:14:19.474770+0300 DEBUG Rank 1 | Score: 5.7648 | Text snippet: Как обманывают мошенники в онлайн-играх? Онлайн-гейминг привлекает миллионы игроков по всему миру, с
2025-11-17T16:14:19.474770+0300 DEBUG Rank 1 | Score: 5.7648 | Text snippet: Как обманывают мошенники в онлайн-играх? Онлайн-гейминг привлекает миллионы игроков по всему миру, с
2025-11-17T16:14:19.474770+0300 DEBUG Rank 1 | Score: 5.7648 | Text snippet: Как обманывают мошенники в онлайн-играх? Онлайн-гейминг привлекает миллионы игроков по всему миру, с
2025-11-17T16:14:19.474770+0300 DEBUG Rank 1 | Score: 5.7648 | Text snippet: Как обманывают мошенники в онлайн-играх? Онлайн-гейминг привлекает миллионы игроков по всему миру, с
2025-11-17T16:14:19.475769+0300 DEBUG Rank 2 | Score: 5.3478 | Text snippet: Как лишить вымогателя рычага давления? Даже если вы кристально честный человек, мошенники найдут чем
2025-11-17T16:14:19.475769+0300 DEBUG Rank 2 | Score: 5.3478 | Text snippet: Как лишить вымогателя рычага давления? Даже если вы кристально честный человек, мошенники найдут чем
2025-11-17T16:14:19.475769+0300 DEBUG Rank 2 | Score: 5.3478 | Text snippet: Как лишить вымогателя рычага давления? Даже если вы кристально честный человек, мошенники найдут чем
2025-11-17T16:14:19.475769+0300 DEBUG Rank 2 | Score: 5.3478 | Text snippet: Как лишить вымогателя рычага давления? Даже если вы кристально честный человек, мошенники найдут чем
2025-11-17T16:14:19.475769+0300 DEBUG Rank 2 | Score: 5.3478 | Text snippet: Как лишить вымогателя рычага давления? Даже если вы кристально честный человек, мошенники найдут чем
2025-11-17T16:14:19.477763+0300 DEBUG Rank 3 | Score: 4.8270 | Text snippet: Что делать, если шантажируют интимными фото и видео? Никому не хочется выставлять интимную жизнь нап
2025-11-17T16:14:19.477763+0300 DEBUG Rank 3 | Score: 4.8270 | Text snippet: Что делать, если шантажируют интимными фото и видео? Никому не хочется выставлять интимную жизнь нап
2025-11-17T16:14:19.477763+0300 DEBUG Rank 3 | Score: 4.8270 | Text snippet: Что делать, если шантажируют интимными фото и видео? Никому не хочется выставлять интимную жизнь нап
2025-11-17T16:14:19.477763+0300 DEBUG Rank 3 | Score: 4.8270 | Text snippet: Что делать, если шантажируют интимными фото и видео? Никому не хочется выставлять интимную жизнь нап
2025-11-17T16:14:19.477763+0300 DEBUG Rank 3 | Score: 4.8270 | Text snippet: Что делать, если шантажируют интимными фото и видео? Никому не хочется выставлять интимную жизнь нап
2025-11-17T16:14:19.478760+0300 DEBUG Rank 4 | Score: 4.3698 | Text snippet: Как распознать предложения мошенников? Предлоги, под которыми мошенники попытаются дать вам денег, м
2025-11-17T16:14:19.478760+0300 DEBUG Rank 4 | Score: 4.3698 | Text snippet: Как распознать предложения мошенников? Предлоги, под которыми мошенники попытаются дать вам денег, м
2025-11-17T16:14:19.478760+0300 DEBUG Rank 4 | Score: 4.3698 | Text snippet: Как распознать предложения мошенников? Предлоги, под которыми мошенники попытаются дать вам денег, м
2025-11-17T16:14:19.478760+0300 DEBUG Rank 4 | Score: 4.3698 | Text snippet: Как распознать предложения мошенников? Предлоги, под которыми мошенники попытаются дать вам денег, м
2025-11-17T16:14:19.478760+0300 DEBUG Rank 4 | Score: 4.3698 | Text snippet: Как распознать предложения мошенников? Предлоги, под которыми мошенники попытаются дать вам денег, м
2025-11-17T16:14:19.479757+0300 DEBUG Rank 5 | Score: 4.2550 | Text snippet: Как быть, если заплатил вымогателю? Когда вы платите мошеннику тысячу рублей за обещанный выигрыш в 
2025-11-17T16:14:19.479757+0300 DEBUG Rank 5 | Score: 4.2550 | Text snippet: Как быть, если заплатил вымогателю? Когда вы платите мошеннику тысячу рублей за обещанный выигрыш в 
2025-11-17T16:14:19.479757+0300 DEBUG Rank 5 | Score: 4.2550 | Text snippet: Как быть, если заплатил вымогателю? Когда вы платите мошеннику тысячу рублей за обещанный выигрыш в 
2025-11-17T16:14:19.479757+0300 DEBUG Rank 5 | Score: 4.2550 | Text snippet: Как быть, если заплатил вымогателю? Когда вы платите мошеннику тысячу рублей за обещанный выигрыш в 
2025-11-17T16:14:19.479757+0300 DEBUG Rank 5 | Score: 4.2550 | Text snippet: Как быть, если заплатил вымогателю? Когда вы платите мошеннику тысячу рублей за обещанный выигрыш в 
2025-11-17T16:14:19.481751+0300 DEBUG ---РЕЛЕВАНТНЫ ЛИ ДОКУМЕНТЫ?---
2025-11-17T16:14:19.481751+0300 DEBUG ---РЕЛЕВАНТНЫ ЛИ ДОКУМЕНТЫ?---
2025-11-17T16:14:19.481751+0300 DEBUG ---РЕЛЕВАНТНЫ ЛИ ДОКУМЕНТЫ?---
2025-11-17T16:14:19.481751+0300 DEBUG ---РЕЛЕВАНТНЫ ЛИ ДОКУМЕНТЫ?---
2025-11-17T16:14:19.481751+0300 DEBUG ---РЕЛЕВАНТНЫ ЛИ ДОКУМЕНТЫ?---
2025-11-17T16:14:19.483747+0300 DEBUG ---РЕШЕНИЕ: ГЕНЕРИРОВАТЬ---
2025-11-17T16:14:19.483747+0300 DEBUG ---РЕШЕНИЕ: ГЕНЕРИРОВАТЬ---
2025-11-17T16:14:19.483747+0300 DEBUG ---РЕШЕНИЕ: ГЕНЕРИРОВАТЬ---
2025-11-17T16:14:19.483747+0300 DEBUG ---РЕШЕНИЕ: ГЕНЕРИРОВАТЬ---
2025-11-17T16:14:19.483747+0300 DEBUG ---РЕШЕНИЕ: ГЕНЕРИРОВАТЬ---
2025-11-17T16:14:19.485741+0300 DEBUG ---СГЕНЕРИРОВАТЬ---
2025-11-17T16:14:19.485741+0300 DEBUG ---СГЕНЕРИРОВАТЬ---
2025-11-17T16:14:19.485741+0300 DEBUG ---СГЕНЕРИРОВАТЬ---
2025-11-17T16:14:19.485741+0300 DEBUG ---СГЕНЕРИРОВАТЬ---
2025-11-17T16:14:19.485741+0300 DEBUG ---СГЕНЕРИРОВАТЬ---
2025-11-17T16:14:22.779927+0300 DEBUG generation=Привет! Давай разберемся, что тут происходит. Ситуация, когда известный блогер просит деньги на Roblox для проведения совместного стрима, выглядит очень подозрительно. Это может быть схема мошенничества, и вот почему:

1.  **Мошенничество с покупками:** Часто обманщики предлагают купить игровые предметы или валюту по низкой цене, а потом исчезают с деньгами. В твоем случае, "деньги на Roblox" могут быть просто способом выманить у тебя средства.
2.  **Фальшивые аккаунты:** Мошенники могут создавать аккаунты, очень похожие на настоящие аккаунты известных людей. Тебе написал точно тот блогер, на которого ты подписан, или это фейк? Проверь внимательно никнейм, количество подписчиков и другие детали.
3.  **Личные данные:** Никогда не сообщай свои личные данные или пароли. Если тебя просят предоставить какую-либо информацию, это должно тебя насторожить.

**Что делать в такой ситуации:**

*   **Перепроверь информацию:** Свяжись с блогером через его официальные каналы (например, через его сайт или другие социальные сети) и уточни, действительно ли он проводит такой конкурс.
*   **Не отправляй деньги:** Ни в коем случае не переводи деньги, если у тебя есть хоть малейшие сомнения.
*   **Сообщи о мошеннике:** Если ты уверен, что это мошенник, сообщи об этом администрации платформы, где он с тобой связался.

Помни, что бесплатный сыр бывает только в мышеловке. Будь бдителен и не дай себя обмануть!

Пока приятель, не теряй своего интереса к финансам!

2025-11-17T16:14:22.779927+0300 DEBUG generation=Привет! Давай разберемся, что тут происходит. Ситуация, когда известный блогер просит деньги на Roblox для проведения совместного стрима, выглядит очень подозрительно. Это может быть схема мошенничества, и вот почему:

1.  **Мошенничество с покупками:** Часто обманщики предлагают купить игровые предметы или валюту по низкой цене, а потом исчезают с деньгами. В твоем случае, "деньги на Roblox" могут быть просто способом выманить у тебя средства.
2.  **Фальшивые аккаунты:** Мошенники могут создавать аккаунты, очень похожие на настоящие аккаунты известных людей. Тебе написал точно тот блогер, на которого ты подписан, или это фейк? Проверь внимательно никнейм, количество подписчиков и другие детали.
3.  **Личные данные:** Никогда не сообщай свои личные данные или пароли. Если тебя просят предоставить какую-либо информацию, это должно тебя насторожить.

**Что делать в такой ситуации:**

*   **Перепроверь информацию:** Свяжись с блогером через его официальные каналы (например, через его сайт или другие социальные сети) и уточни, действительно ли он проводит такой конкурс.
*   **Не отправляй деньги:** Ни в коем случае не переводи деньги, если у тебя есть хоть малейшие сомнения.
*   **Сообщи о мошеннике:** Если ты уверен, что это мошенник, сообщи об этом администрации платформы, где он с тобой связался.

Помни, что бесплатный сыр бывает только в мышеловке. Будь бдителен и не дай себя обмануть!

Пока приятель, не теряй своего интереса к финансам!

2025-11-17T16:14:22.779927+0300 DEBUG generation=Привет! Давай разберемся, что тут происходит. Ситуация, когда известный блогер просит деньги на Roblox для проведения совместного стрима, выглядит очень подозрительно. Это может быть схема мошенничества, и вот почему:

1.  **Мошенничество с покупками:** Часто обманщики предлагают купить игровые предметы или валюту по низкой цене, а потом исчезают с деньгами. В твоем случае, "деньги на Roblox" могут быть просто способом выманить у тебя средства.
2.  **Фальшивые аккаунты:** Мошенники могут создавать аккаунты, очень похожие на настоящие аккаунты известных людей. Тебе написал точно тот блогер, на которого ты подписан, или это фейк? Проверь внимательно никнейм, количество подписчиков и другие детали.
3.  **Личные данные:** Никогда не сообщай свои личные данные или пароли. Если тебя просят предоставить какую-либо информацию, это должно тебя насторожить.

**Что делать в такой ситуации:**

*   **Перепроверь информацию:** Свяжись с блогером через его официальные каналы (например, через его сайт или другие социальные сети) и уточни, действительно ли он проводит такой конкурс.
*   **Не отправляй деньги:** Ни в коем случае не переводи деньги, если у тебя есть хоть малейшие сомнения.
*   **Сообщи о мошеннике:** Если ты уверен, что это мошенник, сообщи об этом администрации платформы, где он с тобой связался.

Помни, что бесплатный сыр бывает только в мышеловке. Будь бдителен и не дай себя обмануть!

Пока приятель, не теряй своего интереса к финансам!

2025-11-17T16:14:22.779927+0300 DEBUG generation=Привет! Давай разберемся, что тут происходит. Ситуация, когда известный блогер просит деньги на Roblox для проведения совместного стрима, выглядит очень подозрительно. Это может быть схема мошенничества, и вот почему:

1.  **Мошенничество с покупками:** Часто обманщики предлагают купить игровые предметы или валюту по низкой цене, а потом исчезают с деньгами. В твоем случае, "деньги на Roblox" могут быть просто способом выманить у тебя средства.
2.  **Фальшивые аккаунты:** Мошенники могут создавать аккаунты, очень похожие на настоящие аккаунты известных людей. Тебе написал точно тот блогер, на которого ты подписан, или это фейк? Проверь внимательно никнейм, количество подписчиков и другие детали.
3.  **Личные данные:** Никогда не сообщай свои личные данные или пароли. Если тебя просят предоставить какую-либо информацию, это должно тебя насторожить.

**Что делать в такой ситуации:**

*   **Перепроверь информацию:** Свяжись с блогером через его официальные каналы (например, через его сайт или другие социальные сети) и уточни, действительно ли он проводит такой конкурс.
*   **Не отправляй деньги:** Ни в коем случае не переводи деньги, если у тебя есть хоть малейшие сомнения.
*   **Сообщи о мошеннике:** Если ты уверен, что это мошенник, сообщи об этом администрации платформы, где он с тобой связался.

Помни, что бесплатный сыр бывает только в мышеловке. Будь бдителен и не дай себя обмануть!

Пока приятель, не теряй своего интереса к финансам!

2025-11-17T16:14:22.779927+0300 DEBUG generation=Привет! Давай разберемся, что тут происходит. Ситуация, когда известный блогер просит деньги на Roblox для проведения совместного стрима, выглядит очень подозрительно. Это может быть схема мошенничества, и вот почему:

1.  **Мошенничество с покупками:** Часто обманщики предлагают купить игровые предметы или валюту по низкой цене, а потом исчезают с деньгами. В твоем случае, "деньги на Roblox" могут быть просто способом выманить у тебя средства.
2.  **Фальшивые аккаунты:** Мошенники могут создавать аккаунты, очень похожие на настоящие аккаунты известных людей. Тебе написал точно тот блогер, на которого ты подписан, или это фейк? Проверь внимательно никнейм, количество подписчиков и другие детали.
3.  **Личные данные:** Никогда не сообщай свои личные данные или пароли. Если тебя просят предоставить какую-либо информацию, это должно тебя насторожить.

**Что делать в такой ситуации:**

*   **Перепроверь информацию:** Свяжись с блогером через его официальные каналы (например, через его сайт или другие социальные сети) и уточни, действительно ли он проводит такой конкурс.
*   **Не отправляй деньги:** Ни в коем случае не переводи деньги, если у тебя есть хоть малейшие сомнения.
*   **Сообщи о мошеннике:** Если ты уверен, что это мошенник, сообщи об этом администрации платформы, где он с тобой связался.

Помни, что бесплатный сыр бывает только в мышеловке. Будь бдителен и не дай себя обмануть!

Пока приятель, не теряй своего интереса к финансам!

2025-11-17T16:14:22.780924+0300 DEBUG ---ПРОВЕРИТЬ ГАЛЛЮЦИНАЦИИ---
2025-11-17T16:14:22.780924+0300 DEBUG ---ПРОВЕРИТЬ ГАЛЛЮЦИНАЦИИ---
2025-11-17T16:14:22.780924+0300 DEBUG ---ПРОВЕРИТЬ ГАЛЛЮЦИНАЦИИ---
2025-11-17T16:14:22.780924+0300 DEBUG ---ПРОВЕРИТЬ ГАЛЛЮЦИНАЦИИ---
2025-11-17T16:14:22.780924+0300 DEBUG ---ПРОВЕРИТЬ ГАЛЛЮЦИНАЦИИ---
2025-11-17T16:14:30.452402+0300 DEBUG ---ОЦЕНКА ГАЛЛЮЦИНАЦИИ: yes --- ОБЪЯСНЕНИЕ: Ответ студента в целом основан на фактах, представленных в документах. Студент правильно идентифицировал потенциальные схемы мошенничества, такие как мошенничество с покупками и использование фальшивых аккаунтов, которые соответствуют информации в документах. Также студент дал разумные советы по проверке информации и действиям в случае подозрения на мошенничество, что соответствует рекомендациям в документах. Однако стоит отметить, что в ответе студента нет упоминания о конкретных методах, таких как фишинг или использование ботов и читов, которые также являются распространенными схемами мошенничества в онлайн-играх.
2025-11-17T16:14:30.452402+0300 DEBUG ---ОЦЕНКА ГАЛЛЮЦИНАЦИИ: yes --- ОБЪЯСНЕНИЕ: Ответ студента в целом основан на фактах, представленных в документах. Студент правильно идентифицировал потенциальные схемы мошенничества, такие как мошенничество с покупками и использование фальшивых аккаунтов, которые соответствуют информации в документах. Также студент дал разумные советы по проверке информации и действиям в случае подозрения на мошенничество, что соответствует рекомендациям в документах. Однако стоит отметить, что в ответе студента нет упоминания о конкретных методах, таких как фишинг или использование ботов и читов, которые также являются распространенными схемами мошенничества в онлайн-играх.
2025-11-17T16:14:30.452402+0300 DEBUG ---ОЦЕНКА ГАЛЛЮЦИНАЦИИ: yes --- ОБЪЯСНЕНИЕ: Ответ студента в целом основан на фактах, представленных в документах. Студент правильно идентифицировал потенциальные схемы мошенничества, такие как мошенничество с покупками и использование фальшивых аккаунтов, которые соответствуют информации в документах. Также студент дал разумные советы по проверке информации и действиям в случае подозрения на мошенничество, что соответствует рекомендациям в документах. Однако стоит отметить, что в ответе студента нет упоминания о конкретных методах, таких как фишинг или использование ботов и читов, которые также являются распространенными схемами мошенничества в онлайн-играх.
2025-11-17T16:14:30.452402+0300 DEBUG ---ОЦЕНКА ГАЛЛЮЦИНАЦИИ: yes --- ОБЪЯСНЕНИЕ: Ответ студента в целом основан на фактах, представленных в документах. Студент правильно идентифицировал потенциальные схемы мошенничества, такие как мошенничество с покупками и использование фальшивых аккаунтов, которые соответствуют информации в документах. Также студент дал разумные советы по проверке информации и действиям в случае подозрения на мошенничество, что соответствует рекомендациям в документах. Однако стоит отметить, что в ответе студента нет упоминания о конкретных методах, таких как фишинг или использование ботов и читов, которые также являются распространенными схемами мошенничества в онлайн-играх.
2025-11-17T16:14:30.452402+0300 DEBUG ---ОЦЕНКА ГАЛЛЮЦИНАЦИИ: yes --- ОБЪЯСНЕНИЕ: Ответ студента в целом основан на фактах, представленных в документах. Студент правильно идентифицировал потенциальные схемы мошенничества, такие как мошенничество с покупками и использование фальшивых аккаунтов, которые соответствуют информации в документах. Также студент дал разумные советы по проверке информации и действиям в случае подозрения на мошенничество, что соответствует рекомендациям в документах. Однако стоит отметить, что в ответе студента нет упоминания о конкретных методах, таких как фишинг или использование ботов и читов, которые также являются распространенными схемами мошенничества в онлайн-играх.
2025-11-17T16:14:30.453399+0300 DEBUG ---РЕШЕНИЕ: ГЕНЕРАЦИЯ ОСНОВАНА НА ДОКУМЕНТАХ---
2025-11-17T16:14:30.453399+0300 DEBUG ---РЕШЕНИЕ: ГЕНЕРАЦИЯ ОСНОВАНА НА ДОКУМЕНТАХ---
2025-11-17T16:14:30.453399+0300 DEBUG ---РЕШЕНИЕ: ГЕНЕРАЦИЯ ОСНОВАНА НА ДОКУМЕНТАХ---
2025-11-17T16:14:30.453399+0300 DEBUG ---РЕШЕНИЕ: ГЕНЕРАЦИЯ ОСНОВАНА НА ДОКУМЕНТАХ---
2025-11-17T16:14:30.453399+0300 DEBUG ---РЕШЕНИЕ: ГЕНЕРАЦИЯ ОСНОВАНА НА ДОКУМЕНТАХ---
2025-11-17T16:14:30.454397+0300 DEBUG ---Оценка: ГЕНЕРАЦИЯ против ВОПРОСА---
2025-11-17T16:14:30.454397+0300 DEBUG ---Оценка: ГЕНЕРАЦИЯ против ВОПРОСА---
2025-11-17T16:14:30.454397+0300 DEBUG ---Оценка: ГЕНЕРАЦИЯ против ВОПРОСА---
2025-11-17T16:14:30.454397+0300 DEBUG ---Оценка: ГЕНЕРАЦИЯ против ВОПРОСА---
2025-11-17T16:14:30.454397+0300 DEBUG ---Оценка: ГЕНЕРАЦИЯ против ВОПРОСА---
2025-11-17T16:14:32.074611+0300 DEBUG ---РЕШЕНИЕ: GENERATION ОБРАЩАЕТСЯ К ВОПРОСУ---
2025-11-17T16:14:32.074611+0300 DEBUG ---РЕШЕНИЕ: GENERATION ОБРАЩАЕТСЯ К ВОПРОСУ---
2025-11-17T16:14:32.074611+0300 DEBUG ---РЕШЕНИЕ: GENERATION ОБРАЩАЕТСЯ К ВОПРОСУ---
2025-11-17T16:14:32.074611+0300 DEBUG ---РЕШЕНИЕ: GENERATION ОБРАЩАЕТСЯ К ВОПРОСУ---
2025-11-17T16:14:32.074611+0300 DEBUG ---РЕШЕНИЕ: GENERATION ОБРАЩАЕТСЯ К ВОПРОСУ---
